D:\Aleksey\Aleksey\PersonalFiles\FruitBasket\FruitBasket.Web\ClientApp\e2e\app.e2e-spec.js
D:\Aleksey\Aleksey\PersonalFiles\FruitBasket\FruitBasket.Web\ClientApp\e2e\app.po.js
D:\Aleksey\Aleksey\PersonalFiles\FruitBasket\FruitBasket.Web\ClientApp\src\main.js
D:\Aleksey\Aleksey\PersonalFiles\FruitBasket\FruitBasket.Web\ClientApp\src\polyfills.js
D:\Aleksey\Aleksey\PersonalFiles\FruitBasket\FruitBasket.Web\ClientApp\src\test.js
D:\Aleksey\Aleksey\PersonalFiles\FruitBasket\FruitBasket.Web\ClientApp\src\app\app.component.spec.js
D:\Aleksey\Aleksey\PersonalFiles\FruitBasket\FruitBasket.Web\ClientApp\src\app\app.component.js
D:\Aleksey\Aleksey\PersonalFiles\FruitBasket\FruitBasket.Web\ClientApp\src\app\app.module.js
D:\Aleksey\Aleksey\PersonalFiles\FruitBasket\FruitBasket.Web\ClientApp\src\app\fruit-basket\fruit-basket.component.js
D:\Aleksey\Aleksey\PersonalFiles\FruitBasket\FruitBasket.Web\ClientApp\src\app\fruit-basket\fruit-basket.module.js
D:\Aleksey\Aleksey\PersonalFiles\FruitBasket\FruitBasket.Web\ClientApp\src\app\fruit-basket\models\guess-result.js
D:\Aleksey\Aleksey\PersonalFiles\FruitBasket\FruitBasket.Web\ClientApp\src\app\fruit-basket\models\player.js
D:\Aleksey\Aleksey\PersonalFiles\FruitBasket\FruitBasket.Web\ClientApp\src\app\fruit-basket\models\starting-game.js
D:\Aleksey\Aleksey\PersonalFiles\FruitBasket\FruitBasket.Web\ClientApp\src\app\fruit-basket\player-form\player-form.component.spec.js
D:\Aleksey\Aleksey\PersonalFiles\FruitBasket\FruitBasket.Web\ClientApp\src\app\fruit-basket\player-form\player-form.component.js
D:\Aleksey\Aleksey\PersonalFiles\FruitBasket\FruitBasket.Web\ClientApp\src\app\fruit-basket\services\fruit-basket.service.spec.js
D:\Aleksey\Aleksey\PersonalFiles\FruitBasket\FruitBasket.Web\ClientApp\src\app\fruit-basket\services\fruit-basket.service.js
D:\Aleksey\Aleksey\PersonalFiles\FruitBasket\FruitBasket.Web\ClientApp\src\app\services\http.service.spec.js
D:\Aleksey\Aleksey\PersonalFiles\FruitBasket\FruitBasket.Web\ClientApp\src\app\services\http.service.js
D:\Aleksey\Aleksey\PersonalFiles\FruitBasket\FruitBasket.Web\ClientApp\src\environments\environment.prod.js
D:\Aleksey\Aleksey\PersonalFiles\FruitBasket\FruitBasket.Web\ClientApp\src\environments\environment.js
